2024-07-08 12:47:33,362 - Utilities.generates_logs - INFO - Element is menu_Hotels and click on Hotel
2024-07-08 12:47:33,362 - Utilities.generates_logs - INFO - Element is menu_Hotels and click on Hotel
2024-07-08 12:47:36,179 - Utilities.generates_logs - INFO - Element is //ul[@role="listbox"]//li[1], and its selecting the city
2024-07-08 12:47:36,179 - Utilities.generates_logs - INFO - Element is //ul[@role="listbox"]//li[1], and its selecting the city
2024-07-08 12:47:36,247 - Utilities.generates_logs - INFO - Element is div[aria-label='Sun Jul 28 2024'] and selecting the check in date
2024-07-08 12:47:36,247 - Utilities.generates_logs - INFO - Element is div[aria-label='Sun Jul 28 2024'] and selecting the check in date
2024-07-08 12:47:38,293 - Utilities.generates_logs - INFO - Element is div[aria-label='Wed Jul 31 2024'] and selecting the check out date
2024-07-08 12:47:38,293 - Utilities.generates_logs - INFO - Element is div[aria-label='Wed Jul 31 2024'] and selecting the check out date
2024-07-08 12:47:40,409 - Utilities.generates_logs - INFO - Element is //li[text()='₹5000+'] select the price per night 
2024-07-08 12:47:40,409 - Utilities.generates_logs - INFO - Element is //li[text()='₹5000+'] select the price per night 
2024-07-08 12:47:44,619 - Utilities.generates_logs - INFO - Element is hsw_search_button click on search button
2024-07-08 12:47:44,619 - Utilities.generates_logs - INFO - Element is hsw_search_button click on search button
2024-07-08 12:48:00,035 - Utilities.generates_logs - INFO - Element is //span[text()='Mountain View']//ancestor::span/label applied the filters
2024-07-08 12:48:00,035 - Utilities.generates_logs - INFO - Element is //span[text()='Mountain View']//ancestor::span/label applied the filters
2024-07-08 12:48:01,065 - Utilities.generates_logs - ERROR - Your test case is fail check the screenshot
2024-07-08 12:48:01,065 - Utilities.generates_logs - ERROR - Your test case is fail check the screenshot
2024-07-08 12:48:02,268 - Utilities.generates_logs - INFO - click on search button
2024-07-08 12:48:02,268 - Utilities.generates_logs - INFO - click on search button
2024-07-08 12:48:02,268 - Utilities.generates_logs - INFO - Elements is hlistpg_hotel_name all hotels name are in one list and its compare the hotel taht which user want
2024-07-08 12:48:02,268 - Utilities.generates_logs - INFO - Elements is hlistpg_hotel_name all hotels name are in one list and its compare the hotel taht which user want
2024-07-08 12:48:08,282 - Utilities.generates_logs - ERROR - Title is not match
2024-07-08 12:48:08,282 - Utilities.generates_logs - ERROR - Title is not match
2024-07-08 12:48:08,283 - Utilities.generates_logs - INFO - Switching the windows
2024-07-08 12:48:08,283 - Utilities.generates_logs - INFO - Switching the windows
2024-07-08 12:48:08,328 - Utilities.generates_logs - INFO - Element is button[class='appBtn filled large bkngOption__cta  '] click on book now button
2024-07-08 12:48:08,328 - Utilities.generates_logs - INFO - Element is button[class='appBtn filled large bkngOption__cta  '] click on book now button
2024-07-08 12:48:09,555 - Utilities.generates_logs - INFO - Enter the guest user details name,last name,email and mobile number
2024-07-08 12:48:09,555 - Utilities.generates_logs - INFO - Enter the guest user details name,last name,email and mobile number
2024-07-08 12:48:09,621 - Utilities.generates_logs - INFO - Element is a[class='btnContinuePayment primaryBtn capText  '] and click on pay now button
2024-07-08 12:48:09,621 - Utilities.generates_logs - INFO - Element is a[class='btnContinuePayment primaryBtn capText  '] and click on pay now button
2024-07-08 12:48:09,652 - Utilities.generates_logs - INFO - Element is p[class='prptChk__date'] and its hold the dates on pay now page
2024-07-08 12:48:09,652 - Utilities.generates_logs - INFO - Element is p[class='prptChk__date'] and its hold the dates on pay now page
2024-07-08 12:48:09,652 - Utilities.generates_logs - INFO - ********Assertion Started******
2024-07-08 12:48:09,652 - Utilities.generates_logs - INFO - ********Assertion Started******
2024-07-08 14:04:26,178 - Utilities.generates_logs - INFO - Element is menu_Hotels and click on Hotel
2024-07-08 14:04:26,178 - Utilities.generates_logs - INFO - Element is menu_Hotels and click on Hotel
2024-07-08 14:04:28,882 - Utilities.generates_logs - INFO - Element is //ul[@role="listbox"]//li[1], and its selecting the city
2024-07-08 14:04:28,882 - Utilities.generates_logs - INFO - Element is //ul[@role="listbox"]//li[1], and its selecting the city
2024-07-08 14:04:28,946 - Utilities.generates_logs - INFO - Element is div[aria-label='Sun Jul 28 2024'] and selecting the check in date
2024-07-08 14:04:28,946 - Utilities.generates_logs - INFO - Element is div[aria-label='Sun Jul 28 2024'] and selecting the check in date
2024-07-08 14:04:30,998 - Utilities.generates_logs - INFO - Element is div[aria-label='Wed Jul 31 2024'] and selecting the check out date
2024-07-08 14:04:30,998 - Utilities.generates_logs - INFO - Element is div[aria-label='Wed Jul 31 2024'] and selecting the check out date
2024-07-08 14:04:31,107 - Utilities.generates_logs - INFO - Element is //li[text()='₹5000+'] select the price per night 
2024-07-08 14:04:31,107 - Utilities.generates_logs - INFO - Element is //li[text()='₹5000+'] select the price per night 
2024-07-08 14:04:35,722 - Utilities.generates_logs - INFO - Element is hsw_search_button click on search button
2024-07-08 14:04:35,722 - Utilities.generates_logs - INFO - Element is hsw_search_button click on search button
2024-07-08 14:04:51,062 - Utilities.generates_logs - INFO - Element is //span[text()='Mountain View']//ancestor::span/label applied the filters
2024-07-08 14:04:51,062 - Utilities.generates_logs - INFO - Element is //span[text()='Mountain View']//ancestor::span/label applied the filters
2024-07-08 14:04:52,092 - Utilities.generates_logs - ERROR - Your test case is fail check the screenshot
2024-07-08 14:04:52,092 - Utilities.generates_logs - ERROR - Your test case is fail check the screenshot
2024-07-08 14:04:53,596 - Utilities.generates_logs - INFO - click on search button
2024-07-08 14:04:53,596 - Utilities.generates_logs - INFO - click on search button
2024-07-08 14:04:53,596 - Utilities.generates_logs - INFO - Elements is hlistpg_hotel_name all hotels name are in one list and its compare the hotel taht which user want
2024-07-08 14:04:53,596 - Utilities.generates_logs - INFO - Elements is hlistpg_hotel_name all hotels name are in one list and its compare the hotel taht which user want
2024-07-08 14:04:59,625 - Utilities.generates_logs - ERROR - Title is not match
2024-07-08 14:04:59,625 - Utilities.generates_logs - ERROR - Title is not match
2024-07-08 14:04:59,626 - Utilities.generates_logs - INFO - Switching the windows
2024-07-08 14:04:59,626 - Utilities.generates_logs - INFO - Switching the windows
2024-07-08 14:04:59,697 - Utilities.generates_logs - INFO - Element is button[class='appBtn filled large bkngOption__cta  '] click on book now button
2024-07-08 14:04:59,697 - Utilities.generates_logs - INFO - Element is button[class='appBtn filled large bkngOption__cta  '] click on book now button
2024-07-08 14:05:00,990 - Utilities.generates_logs - INFO - Enter the guest user details name,last name,email and mobile number
2024-07-08 14:05:00,990 - Utilities.generates_logs - INFO - Enter the guest user details name,last name,email and mobile number
2024-07-08 14:05:01,057 - Utilities.generates_logs - INFO - Element is a[class='btnContinuePayment primaryBtn capText  '] and click on pay now button
2024-07-08 14:05:01,057 - Utilities.generates_logs - INFO - Element is a[class='btnContinuePayment primaryBtn capText  '] and click on pay now button
2024-07-08 14:05:01,090 - Utilities.generates_logs - INFO - Element is p[class='prptChk__date'] and its hold the dates on pay now page
2024-07-08 14:05:01,090 - Utilities.generates_logs - INFO - Element is p[class='prptChk__date'] and its hold the dates on pay now page
2024-07-08 14:05:01,091 - Utilities.generates_logs - INFO - ********Assertion Started******
2024-07-08 14:05:01,091 - Utilities.generates_logs - INFO - ********Assertion Started******
2024-07-08 14:47:35,746 - Utilities.generates_logs - INFO - Element is menu_Hotels and click on Hotel
2024-07-08 14:47:35,746 - Utilities.generates_logs - INFO - Element is menu_Hotels and click on Hotel
2024-07-08 14:47:39,235 - Utilities.generates_logs - INFO - Element is //ul[@role="listbox"]//li[1], and its selecting the city
2024-07-08 14:47:39,235 - Utilities.generates_logs - INFO - Element is //ul[@role="listbox"]//li[1], and its selecting the city
2024-07-08 14:47:39,317 - Utilities.generates_logs - INFO - Element is div[aria-label='Sun Jul 28 2024'] and selecting the check in date
2024-07-08 14:47:39,317 - Utilities.generates_logs - INFO - Element is div[aria-label='Sun Jul 28 2024'] and selecting the check in date
2024-07-08 14:47:41,389 - Utilities.generates_logs - INFO - Element is div[aria-label='Wed Jul 31 2024'] and selecting the check out date
2024-07-08 14:47:41,389 - Utilities.generates_logs - INFO - Element is div[aria-label='Wed Jul 31 2024'] and selecting the check out date
2024-07-08 14:47:41,541 - Utilities.generates_logs - INFO - Element is //li[text()='₹5000+'] select the price per night 
2024-07-08 14:47:41,541 - Utilities.generates_logs - INFO - Element is //li[text()='₹5000+'] select the price per night 
2024-07-08 14:47:45,766 - Utilities.generates_logs - INFO - Element is hsw_search_button click on search button
2024-07-08 14:47:45,766 - Utilities.generates_logs - INFO - Element is hsw_search_button click on search button
2024-07-08 14:48:40,359 - Utilities.generates_logs - INFO - Element is menu_Hotels and click on Hotel
2024-07-08 14:48:40,359 - Utilities.generates_logs - INFO - Element is menu_Hotels and click on Hotel
2024-07-08 14:48:43,067 - Utilities.generates_logs - INFO - Element is //ul[@role="listbox"]//li[1], and its selecting the city
2024-07-08 14:48:43,067 - Utilities.generates_logs - INFO - Element is //ul[@role="listbox"]//li[1], and its selecting the city
2024-07-08 14:48:43,123 - Utilities.generates_logs - INFO - Element is div[aria-label='Sun Jul 28 2024'] and selecting the check in date
2024-07-08 14:48:43,123 - Utilities.generates_logs - INFO - Element is div[aria-label='Sun Jul 28 2024'] and selecting the check in date
2024-07-08 14:48:45,171 - Utilities.generates_logs - INFO - Element is div[aria-label='Wed Jul 31 2024'] and selecting the check out date
2024-07-08 14:48:45,171 - Utilities.generates_logs - INFO - Element is div[aria-label='Wed Jul 31 2024'] and selecting the check out date
2024-07-08 14:48:45,283 - Utilities.generates_logs - INFO - Element is //li[text()='₹5000+'] select the price per night 
2024-07-08 14:48:45,283 - Utilities.generates_logs - INFO - Element is //li[text()='₹5000+'] select the price per night 
2024-07-08 14:48:49,257 - Utilities.generates_logs - INFO - Element is hsw_search_button click on search button
2024-07-08 14:48:49,257 - Utilities.generates_logs - INFO - Element is hsw_search_button click on search button
2024-07-08 14:49:04,679 - Utilities.generates_logs - INFO - Element is //span[text()='Mountain View']//ancestor::span/label applied the filters
2024-07-08 14:49:04,679 - Utilities.generates_logs - INFO - Element is //span[text()='Mountain View']//ancestor::span/label applied the filters
2024-07-08 14:49:05,712 - Utilities.generates_logs - ERROR - Your test case is fail check the screenshot
2024-07-08 14:49:05,712 - Utilities.generates_logs - ERROR - Your test case is fail check the screenshot
2024-07-08 14:49:06,909 - Utilities.generates_logs - INFO - click on search button
2024-07-08 14:49:06,909 - Utilities.generates_logs - INFO - click on search button
2024-07-08 14:49:06,909 - Utilities.generates_logs - INFO - Elements is hlistpg_hotel_name all hotels name are in one list and its compare the hotel that which user want
2024-07-08 14:49:06,909 - Utilities.generates_logs - INFO - Elements is hlistpg_hotel_name all hotels name are in one list and its compare the hotel that which user want
2024-07-08 14:49:12,926 - Utilities.generates_logs - ERROR - Title is not match
2024-07-08 14:49:12,926 - Utilities.generates_logs - ERROR - Title is not match
2024-07-08 14:49:12,927 - Utilities.generates_logs - INFO - Switching the windows
2024-07-08 14:49:12,927 - Utilities.generates_logs - INFO - Switching the windows
2024-07-08 14:49:12,973 - Utilities.generates_logs - INFO - Element is button[class='appBtn filled large bkngOption__cta  '] click on book now button
2024-07-08 14:49:12,973 - Utilities.generates_logs - INFO - Element is button[class='appBtn filled large bkngOption__cta  '] click on book now button
2024-07-08 14:49:13,988 - Utilities.generates_logs - INFO - Enter the guest user details name, last name, email and mobile number
2024-07-08 14:49:13,988 - Utilities.generates_logs - INFO - Enter the guest user details name, last name, email and mobile number
2024-07-08 14:49:14,046 - Utilities.generates_logs - INFO - Element is a[class='btnContinuePayment primaryBtn capText  '] and click on pay now button
2024-07-08 14:49:14,046 - Utilities.generates_logs - INFO - Element is a[class='btnContinuePayment primaryBtn capText  '] and click on pay now button
2024-07-08 14:49:14,235 - Utilities.generates_logs - INFO - Element is p[class='prptChk__date'] and its hold the dates on pay now page
2024-07-08 14:49:14,235 - Utilities.generates_logs - INFO - Element is p[class='prptChk__date'] and its hold the dates on pay now page
2024-07-08 14:49:14,235 - Utilities.generates_logs - INFO - ********Assertion Started******
2024-07-08 14:49:14,235 - Utilities.generates_logs - INFO - ********Assertion Started******
2024-07-08 14:49:52,626 - Utilities.generates_logs - INFO - Element is menu_Hotels and click on Hotel
2024-07-08 14:49:52,626 - Utilities.generates_logs - INFO - Element is menu_Hotels and click on Hotel
2024-07-08 14:49:55,598 - Utilities.generates_logs - INFO - Element is //ul[@role="listbox"]//li[1], and its selecting the city
2024-07-08 14:49:55,598 - Utilities.generates_logs - INFO - Element is //ul[@role="listbox"]//li[1], and its selecting the city
2024-07-08 14:49:55,662 - Utilities.generates_logs - INFO - Element is div[aria-label='Sun Jul 28 2024'] and selecting the check in date
2024-07-08 14:49:55,662 - Utilities.generates_logs - INFO - Element is div[aria-label='Sun Jul 28 2024'] and selecting the check in date
2024-07-08 14:49:57,710 - Utilities.generates_logs - INFO - Element is div[aria-label='Wed Jul 31 2024'] and selecting the check out date
2024-07-08 14:49:57,710 - Utilities.generates_logs - INFO - Element is div[aria-label='Wed Jul 31 2024'] and selecting the check out date
2024-07-08 14:49:57,831 - Utilities.generates_logs - INFO - Element is //li[text()='₹5000+'] select the price per night 
2024-07-08 14:49:57,831 - Utilities.generates_logs - INFO - Element is //li[text()='₹5000+'] select the price per night 
2024-07-08 14:50:02,015 - Utilities.generates_logs - INFO - Element is hsw_search_button click on search button
2024-07-08 14:50:02,015 - Utilities.generates_logs - INFO - Element is hsw_search_button click on search button
2024-07-08 14:50:17,406 - Utilities.generates_logs - INFO - Element is //span[text()='Mountain View']//ancestor::span/label applied the filters
2024-07-08 14:50:17,406 - Utilities.generates_logs - INFO - Element is //span[text()='Mountain View']//ancestor::span/label applied the filters
2024-07-08 14:50:18,436 - Utilities.generates_logs - ERROR - Your test case is fail check the screenshot
2024-07-08 14:50:18,436 - Utilities.generates_logs - ERROR - Your test case is fail check the screenshot
2024-07-08 14:50:19,646 - Utilities.generates_logs - INFO - click on search button
2024-07-08 14:50:19,646 - Utilities.generates_logs - INFO - click on search button
2024-07-08 14:50:19,646 - Utilities.generates_logs - INFO - Elements is hlistpg_hotel_name all hotels name are in one list and its compare the hotel that which user want
2024-07-08 14:50:19,646 - Utilities.generates_logs - INFO - Elements is hlistpg_hotel_name all hotels name are in one list and its compare the hotel that which user want
2024-07-08 14:50:25,663 - Utilities.generates_logs - ERROR - Title is not match
2024-07-08 14:50:25,663 - Utilities.generates_logs - ERROR - Title is not match
2024-07-08 14:50:25,663 - Utilities.generates_logs - INFO - Switching the windows
2024-07-08 14:50:25,663 - Utilities.generates_logs - INFO - Switching the windows
2024-07-08 14:50:25,709 - Utilities.generates_logs - INFO - Element is button[class='appBtn filled large bkngOption__cta  '] click on book now button
2024-07-08 14:50:25,709 - Utilities.generates_logs - INFO - Element is button[class='appBtn filled large bkngOption__cta  '] click on book now button
2024-07-08 14:50:27,866 - Utilities.generates_logs - INFO - Enter the guest user details name, last name, email and mobile number
2024-07-08 14:50:27,866 - Utilities.generates_logs - INFO - Enter the guest user details name, last name, email and mobile number
2024-07-08 14:50:27,925 - Utilities.generates_logs - INFO - Element is a[class='btnContinuePayment primaryBtn capText  '] and click on pay now button
2024-07-08 14:50:27,925 - Utilities.generates_logs - INFO - Element is a[class='btnContinuePayment primaryBtn capText  '] and click on pay now button
2024-07-08 14:50:27,966 - Utilities.generates_logs - INFO - Element is p[class='prptChk__date'] and its hold the dates on pay now page
2024-07-08 14:50:27,966 - Utilities.generates_logs - INFO - Element is p[class='prptChk__date'] and its hold the dates on pay now page
2024-07-08 14:50:27,966 - Utilities.generates_logs - INFO - ********Assertion Started******
2024-07-08 14:50:27,966 - Utilities.generates_logs - INFO - ********Assertion Started******
