2024-07-08 10:12:48,133 - Utilities.generates_logs - INFO - Element is menu_Hotels and click on Hotel
2024-07-08 10:12:48,133 - Utilities.generates_logs - INFO - Element is menu_Hotels and click on Hotel
2024-07-08 10:12:51,303 - Utilities.generates_logs - INFO - Element is //ul[@role="listbox"]//li[1], and its selecting the city
2024-07-08 10:12:51,303 - Utilities.generates_logs - INFO - Element is //ul[@role="listbox"]//li[1], and its selecting the city
2024-07-08 10:12:51,540 - Utilities.generates_logs - INFO - Element is div[aria-label='Sun Jul 28 2024'] and selecting the check in date
2024-07-08 10:12:51,540 - Utilities.generates_logs - INFO - Element is div[aria-label='Sun Jul 28 2024'] and selecting the check in date
2024-07-08 10:12:53,776 - Utilities.generates_logs - INFO - Element is div[aria-label='Wed Jul 31 2024'] and selecting the check out date
2024-07-08 10:12:53,776 - Utilities.generates_logs - INFO - Element is div[aria-label='Wed Jul 31 2024'] and selecting the check out date
2024-07-08 10:12:54,229 - Utilities.generates_logs - INFO - Element is //li[text()='₹5000+'] select the price per night 
2024-07-08 10:12:54,229 - Utilities.generates_logs - INFO - Element is //li[text()='₹5000+'] select the price per night 
2024-07-08 10:13:02,199 - Utilities.generates_logs - INFO - Element is hsw_search_button click on search button
2024-07-08 10:13:02,199 - Utilities.generates_logs - INFO - Element is hsw_search_button click on search button
2024-07-08 10:13:18,106 - Utilities.generates_logs - INFO - Element is //span[text()='Mountain View']//ancestor::span/label applied the filters
2024-07-08 10:13:18,106 - Utilities.generates_logs - INFO - Element is //span[text()='Mountain View']//ancestor::span/label applied the filters
2024-07-08 10:13:19,136 - Utilities.generates_logs - ERROR - Your test case is fail check the screenshot
2024-07-08 10:13:19,136 - Utilities.generates_logs - ERROR - Your test case is fail check the screenshot
2024-07-08 10:13:20,547 - Utilities.generates_logs - INFO - click on search button
2024-07-08 10:13:20,547 - Utilities.generates_logs - INFO - click on search button
2024-07-08 10:13:20,547 - Utilities.generates_logs - INFO - Elements is hlistpg_hotel_name all hotels name are in one list and its compare the hotel taht which user want
2024-07-08 10:13:20,547 - Utilities.generates_logs - INFO - Elements is hlistpg_hotel_name all hotels name are in one list and its compare the hotel taht which user want
2024-07-08 10:13:26,561 - Utilities.generates_logs - ERROR - Title is not match
2024-07-08 10:13:26,561 - Utilities.generates_logs - ERROR - Title is not match
2024-07-08 10:13:26,562 - Utilities.generates_logs - INFO - Switching the windows
2024-07-08 10:13:26,562 - Utilities.generates_logs - INFO - Switching the windows
2024-07-08 10:13:26,803 - Utilities.generates_logs - INFO - Element is button[class='appBtn filled large bkngOption__cta  '] click on book now button
2024-07-08 10:13:26,803 - Utilities.generates_logs - INFO - Element is button[class='appBtn filled large bkngOption__cta  '] click on book now button
2024-07-08 10:13:27,745 - Utilities.generates_logs - INFO - Enter the guest user details name,last name,email and mobile number
2024-07-08 10:13:27,745 - Utilities.generates_logs - INFO - Enter the guest user details name,last name,email and mobile number
2024-07-08 10:13:27,985 - Utilities.generates_logs - INFO - Element is a[class='btnContinuePayment primaryBtn capText  '] and click on pay now button
2024-07-08 10:13:27,985 - Utilities.generates_logs - INFO - Element is a[class='btnContinuePayment primaryBtn capText  '] and click on pay now button
2024-07-08 10:13:28,013 - Utilities.generates_logs - INFO - Element is p[class='prptChk__date'] and its hold the dates on pay now page
2024-07-08 10:13:28,013 - Utilities.generates_logs - INFO - Element is p[class='prptChk__date'] and its hold the dates on pay now page
2024-07-08 10:13:28,013 - Utilities.generates_logs - INFO - ********Assertion Started******
2024-07-08 10:13:28,013 - Utilities.generates_logs - INFO - ********Assertion Started******
